{
  "stats": {
    "suites": 1,
    "tests": 1,
    "passes": 0,
    "pending": 0,
    "failures": 1,
    "start": "2021-09-30T00:15:08.352Z",
    "end": "2021-09-30T00:15:13.578Z",
    "duration": 5226,
    "testsRegistered": 4,
    "passPercent": 0,
    "pendingPercent": 0,
    "other": 0,
    "hasOther": false,
    "skipped": 3,
    "hasSkipped": true
  },
  "results": [
    {
      "uuid": "515dd0d4-e424-43fe-9aff-1b4cf0f90034",
      "title": "",
      "fullFile": "cypress/integration/herokuDeploy.spec.js",
      "file": "cypress/integration/herokuDeploy.spec.js",
      "beforeHooks": [],
      "afterHooks": [],
      "tests": [],
      "suites": [
        {
          "uuid": "06757667-0f3e-4f1e-92f1-6d8bf5d77149",
          "title": "1 - Verifica se foi feito o deploy do frontend no Heroku",
          "fullFile": "",
          "file": "",
          "beforeHooks": [],
          "afterHooks": [],
          "tests": [
            {
              "title": "Será validado que o botão de mudar de realidade existe",
              "fullTitle": "1 - Verifica se foi feito o deploy do frontend no Heroku Será validado que o botão de mudar de realidade existe",
              "timedOut": null,
              "duration": 5123,
              "state": "failed",
              "speed": null,
              "pass": false,
              "fail": true,
              "pending": false,
              "context": null,
              "code": "cy.get(\".change-reality\").should(\"exist\");",
              "err": {
                "message": "CypressError: `cy.visit()` failed trying to load:\n\nhttps://shayalla;-ft.herokuapp.com/.\n\nWe attempted to make an http request to this URL but the request failed without a response.\n\nWe received this error at the network level:\n\n  > Error: getaddrinfo ENOTFOUND shayalla\n\nCommon situations why this would fail:\n  - you don't have internet access\n  - you forgot to run / boot your web server\n  - your web server isn't accessible\n  - you have weird network configuration settings on your computer\n\nBecause this error occurred during a `before each` hook we are skipping the remaining tests in the current suite: `1 - Verifica se foi feito o...`",
                "estack": "CypressError: `cy.visit()` failed trying to load:\n\nhttps://shayalla;-ft.herokuapp.com/.\n\nWe attempted to make an http request to this URL but the request failed without a response.\n\nWe received this error at the network level:\n\n  > Error: getaddrinfo ENOTFOUND shayalla\n\nCommon situations why this would fail:\n  - you don't have internet access\n  - you forgot to run / boot your web server\n  - your web server isn't accessible\n  - you have weird network configuration settings on your computer\n\nBecause this error occurred during a `before each` hook we are skipping the remaining tests in the current suite: `1 - Verifica se foi feito o...`\n    at http://localhost:41173/__cypress/runner/cypress_runner.js:158078:23\n    at visitFailedByErr (http://localhost:41173/__cypress/runner/cypress_runner.js:157432:12)\n    at http://localhost:41173/__cypress/runner/cypress_runner.js:158077:11\n    at tryCatcher (http://localhost:41173/__cypress/runner/cypress_runner.js:10325:23)\n    at Promise._settlePromiseFromHandler (http://localhost:41173/__cypress/runner/cypress_runner.js:8260:31)\n    at Promise._settlePromise (http://localhost:41173/__cypress/runner/cypress_runner.js:8317:18)\n    at Promise._settlePromise0 (http://localhost:41173/__cypress/runner/cypress_runner.js:8362:10)\n    at Promise._settlePromises (http://localhost:41173/__cypress/runner/cypress_runner.js:8438:18)\n    at _drainQueueStep (http://localhost:41173/__cypress/runner/cypress_runner.js:5032:12)\n    at _drainQueue (http://localhost:41173/__cypress/runner/cypress_runner.js:5025:9)\n    at Async.../../node_modules/bluebird/js/release/async.js.Async._drainQueues (http://localhost:41173/__cypress/runner/cypress_runner.js:5041:5)\n    at Async.drainQueues (http://localhost:41173/__cypress/runner/cypress_runner.js:4911:14)\nFrom Your Spec Code:\n    at Context.eval (http://localhost:41173/__cypress/tests?p=cypress/integration/herokuDeploy.spec.js:106:8)\n\nFrom Node.js Internals:\n  Error: getaddrinfo ENOTFOUND shayalla\n      at GetAddrInfoReqWrap.onlookup [as oncomplete] (dns.js:60:26)\n  ",
                "diff": null
              },
              "uuid": "fbc65756-8247-4299-87a6-24982d6b8a5c",
              "parentUUID": "06757667-0f3e-4f1e-92f1-6d8bf5d77149",
              "isHook": false,
              "skipped": false
            },
            {
              "title": "Será validado que a pesquisa funciona como deveria",
              "fullTitle": "1 - Verifica se foi feito o deploy do frontend no Heroku Será validado que a pesquisa funciona como deveria",
              "timedOut": null,
              "duration": 0,
              "state": "skipped",
              "speed": null,
              "pass": false,
              "fail": false,
              "pending": false,
              "context": null,
              "code": "cy.contains(PESQUISAR).click();\ncy.contains(MARTIN).should(\"exist\");",
              "err": {},
              "uuid": "c1ad69a8-762d-40be-9f1c-2f5780840938",
              "parentUUID": "06757667-0f3e-4f1e-92f1-6d8bf5d77149",
              "isHook": false,
              "skipped": true
            },
            {
              "title": "Será validado que o botão de mudar de realidade funciona.",
              "fullTitle": "1 - Verifica se foi feito o deploy do frontend no Heroku Será validado que o botão de mudar de realidade funciona.",
              "timedOut": null,
              "duration": 0,
              "state": "skipped",
              "speed": null,
              "pass": false,
              "fail": false,
              "pending": false,
              "context": null,
              "code": "cy.contains(\"Mudar de Realidade\").click();\ncy.contains(PESQUISAR).click();\ncy.contains(INVERTED_MARTIN).should(\"exist\");",
              "err": {},
              "uuid": "f61188a0-0a67-416f-afc4-07fe913f31bb",
              "parentUUID": "06757667-0f3e-4f1e-92f1-6d8bf5d77149",
              "isHook": false,
              "skipped": true
            },
            {
              "title": "Será validado que os botões de próxima página e página anterior funcionam",
              "fullTitle": "1 - Verifica se foi feito o deploy do frontend no Heroku Será validado que os botões de próxima página e página anterior funcionam",
              "timedOut": null,
              "duration": 0,
              "state": "skipped",
              "speed": null,
              "pass": false,
              "fail": false,
              "pending": false,
              "context": null,
              "code": "cy.contains(PESQUISAR).click();\ncy.contains(MARTIN).should(\"exist\");\ncy.contains(\"Próximo\").click();\ncy.contains(\"2\").should(\"exist\");\ncy.contains(Claudia).should(\"exist\");\ncy.contains(\"Anterior\").click();\ncy.contains(\"1\").should(\"exist\");\ncy.contains(MARTIN).should(\"exist\");",
              "err": {},
              "uuid": "4710ffc7-072b-427f-b289-e4a8f0fee025",
              "parentUUID": "06757667-0f3e-4f1e-92f1-6d8bf5d77149",
              "isHook": false,
              "skipped": true
            }
          ],
          "suites": [],
          "passes": [],
          "failures": [
            "fbc65756-8247-4299-87a6-24982d6b8a5c"
          ],
          "pending": [],
          "skipped": [
            "c1ad69a8-762d-40be-9f1c-2f5780840938",
            "f61188a0-0a67-416f-afc4-07fe913f31bb",
            "4710ffc7-072b-427f-b289-e4a8f0fee025"
          ],
          "duration": 5123,
          "root": false,
          "rootEmpty": false,
          "_timeout": 2000
        }
      ],
      "passes": [],
      "failures": [],
      "pending": [],
      "skipped": [],
      "duration": 0,
      "root": true,
      "rootEmpty": true,
      "_timeout": 2000
    }
  ],
  "meta": {
    "mocha": {
      "version": "7.0.1"
    },
    "mochawesome": {
      "options": {
        "quiet": false,
        "reportFilename": "mochawesome",
        "saveHtml": false,
        "saveJson": true,
        "consoleReporter": "spec",
        "useInlineDiffs": false
      },
      "version": "4.1.0"
    },
    "marge": {
      "options": {
        "id": "default",
        "reportDir": "cypress/reports",
        "overwrite": false,
        "html": false,
        "json": true
      },
      "version": "4.1.0"
    }
  }
}