{
  "stats": {
    "suites": 1,
    "tests": 2,
    "passes": 0,
    "pending": 0,
    "failures": 2,
    "start": "2021-09-30T00:14:56.107Z",
    "end": "2021-09-30T00:15:06.499Z",
    "duration": 10392,
    "testsRegistered": 2,
    "passPercent": 0,
    "pendingPercent": 0,
    "other": 0,
    "hasOther": false,
    "skipped": 0,
    "hasSkipped": false
  },
  "results": [
    {
      "uuid": "ea1496d3-0d9b-4240-9435-96c1e56d7b50",
      "title": "",
      "fullFile": "cypress/integration/developerMode.spec.js",
      "file": "cypress/integration/developerMode.spec.js",
      "beforeHooks": [],
      "afterHooks": [],
      "tests": [],
      "suites": [
        {
          "uuid": "adf4e997-6504-4ce8-8bcc-c9b9359a8ca8",
          "title": "3 - Verifica os multi-ambientes e modo de desenvolvimento",
          "fullFile": "",
          "file": "",
          "beforeHooks": [],
          "afterHooks": [],
          "tests": [
            {
              "title": "Será validado que a tag de desenvolvimento foi encontrada no frontend de desenvolvimento",
              "fullTitle": "3 - Verifica os multi-ambientes e modo de desenvolvimento Será validado que a tag de desenvolvimento foi encontrada no frontend de desenvolvimento",
              "timedOut": null,
              "duration": 5167,
              "state": "failed",
              "speed": null,
              "pass": false,
              "fail": true,
              "pending": false,
              "context": null,
              "code": "cy.visit(FRONT_URL);\ncy.contains(\"Em desenvolvimento\").should(\"exist\");",
              "err": {
                "message": "CypressError: `cy.visit()` failed trying to load:\n\nhttps://shayalla;-ft.herokuapp.com/.\n\nWe attempted to make an http request to this URL but the request failed without a response.\n\nWe received this error at the network level:\n\n  > Error: getaddrinfo ENOTFOUND shayalla\n\nCommon situations why this would fail:\n  - you don't have internet access\n  - you forgot to run / boot your web server\n  - your web server isn't accessible\n  - you have weird network configuration settings on your computer",
                "estack": "CypressError: `cy.visit()` failed trying to load:\n\nhttps://shayalla;-ft.herokuapp.com/.\n\nWe attempted to make an http request to this URL but the request failed without a response.\n\nWe received this error at the network level:\n\n  > Error: getaddrinfo ENOTFOUND shayalla\n\nCommon situations why this would fail:\n  - you don't have internet access\n  - you forgot to run / boot your web server\n  - your web server isn't accessible\n  - you have weird network configuration settings on your computer\n    at http://localhost:41173/__cypress/runner/cypress_runner.js:158078:23\n    at visitFailedByErr (http://localhost:41173/__cypress/runner/cypress_runner.js:157432:12)\n    at http://localhost:41173/__cypress/runner/cypress_runner.js:158077:11\n    at tryCatcher (http://localhost:41173/__cypress/runner/cypress_runner.js:10325:23)\n    at Promise._settlePromiseFromHandler (http://localhost:41173/__cypress/runner/cypress_runner.js:8260:31)\n    at Promise._settlePromise (http://localhost:41173/__cypress/runner/cypress_runner.js:8317:18)\n    at Promise._settlePromise0 (http://localhost:41173/__cypress/runner/cypress_runner.js:8362:10)\n    at Promise._settlePromises (http://localhost:41173/__cypress/runner/cypress_runner.js:8438:18)\n    at _drainQueueStep (http://localhost:41173/__cypress/runner/cypress_runner.js:5032:12)\n    at _drainQueue (http://localhost:41173/__cypress/runner/cypress_runner.js:5025:9)\n    at Async.../../node_modules/bluebird/js/release/async.js.Async._drainQueues (http://localhost:41173/__cypress/runner/cypress_runner.js:5041:5)\n    at Async.drainQueues (http://localhost:41173/__cypress/runner/cypress_runner.js:4911:14)\nFrom Your Spec Code:\n    at Context.eval (http://localhost:41173/__cypress/tests?p=cypress/integration/developerMode.spec.js:103:8)\n\nFrom Node.js Internals:\n  Error: getaddrinfo ENOTFOUND shayalla\n      at GetAddrInfoReqWrap.onlookup [as oncomplete] (dns.js:60:26)\n  ",
                "diff": null
              },
              "uuid": "66080085-9c6d-4442-a277-8cb0ddd8c8e3",
              "parentUUID": "adf4e997-6504-4ce8-8bcc-c9b9359a8ca8",
              "isHook": false,
              "skipped": false
            },
            {
              "title": "Será validado que a tag de desenvolvimento não existe no frontend de produção",
              "fullTitle": "3 - Verifica os multi-ambientes e modo de desenvolvimento Será validado que a tag de desenvolvimento não existe no frontend de produção",
              "timedOut": null,
              "duration": 5111,
              "state": "failed",
              "speed": null,
              "pass": false,
              "fail": true,
              "pending": false,
              "context": null,
              "code": "cy.visit(FRONT_URL_PROD);\ncy.contains(\"Em desenvolvimento\").should(\"not.exist\");",
              "err": {
                "message": "CypressError: `cy.visit()` failed trying to load:\n\nhttps://shayalla;-pd.herokuapp.com/.\n\nWe attempted to make an http request to this URL but the request failed without a response.\n\nWe received this error at the network level:\n\n  > Error: getaddrinfo ENOTFOUND shayalla\n\nCommon situations why this would fail:\n  - you don't have internet access\n  - you forgot to run / boot your web server\n  - your web server isn't accessible\n  - you have weird network configuration settings on your computer",
                "estack": "CypressError: `cy.visit()` failed trying to load:\n\nhttps://shayalla;-pd.herokuapp.com/.\n\nWe attempted to make an http request to this URL but the request failed without a response.\n\nWe received this error at the network level:\n\n  > Error: getaddrinfo ENOTFOUND shayalla\n\nCommon situations why this would fail:\n  - you don't have internet access\n  - you forgot to run / boot your web server\n  - your web server isn't accessible\n  - you have weird network configuration settings on your computer\n    at http://localhost:41173/__cypress/runner/cypress_runner.js:158078:23\n    at visitFailedByErr (http://localhost:41173/__cypress/runner/cypress_runner.js:157432:12)\n    at http://localhost:41173/__cypress/runner/cypress_runner.js:158077:11\n    at tryCatcher (http://localhost:41173/__cypress/runner/cypress_runner.js:10325:23)\n    at Promise._settlePromiseFromHandler (http://localhost:41173/__cypress/runner/cypress_runner.js:8260:31)\n    at Promise._settlePromise (http://localhost:41173/__cypress/runner/cypress_runner.js:8317:18)\n    at Promise._settlePromise0 (http://localhost:41173/__cypress/runner/cypress_runner.js:8362:10)\n    at Promise._settlePromises (http://localhost:41173/__cypress/runner/cypress_runner.js:8438:18)\n    at _drainQueueStep (http://localhost:41173/__cypress/runner/cypress_runner.js:5032:12)\n    at _drainQueue (http://localhost:41173/__cypress/runner/cypress_runner.js:5025:9)\n    at Async.../../node_modules/bluebird/js/release/async.js.Async._drainQueues (http://localhost:41173/__cypress/runner/cypress_runner.js:5041:5)\n    at Async.drainQueues (http://localhost:41173/__cypress/runner/cypress_runner.js:4911:14)\nFrom Your Spec Code:\n    at Context.eval (http://localhost:41173/__cypress/tests?p=cypress/integration/developerMode.spec.js:107:8)\n\nFrom Node.js Internals:\n  Error: getaddrinfo ENOTFOUND shayalla\n      at GetAddrInfoReqWrap.onlookup [as oncomplete] (dns.js:60:26)\n  ",
                "diff": null
              },
              "uuid": "0a42b2b4-bac5-44ce-baf0-5307ec19ea17",
              "parentUUID": "adf4e997-6504-4ce8-8bcc-c9b9359a8ca8",
              "isHook": false,
              "skipped": false
            }
          ],
          "suites": [],
          "passes": [],
          "failures": [
            "66080085-9c6d-4442-a277-8cb0ddd8c8e3",
            "0a42b2b4-bac5-44ce-baf0-5307ec19ea17"
          ],
          "pending": [],
          "skipped": [],
          "duration": 10278,
          "root": false,
          "rootEmpty": false,
          "_timeout": 2000
        }
      ],
      "passes": [],
      "failures": [],
      "pending": [],
      "skipped": [],
      "duration": 0,
      "root": true,
      "rootEmpty": true,
      "_timeout": 2000
    }
  ],
  "meta": {
    "mocha": {
      "version": "7.0.1"
    },
    "mochawesome": {
      "options": {
        "quiet": false,
        "reportFilename": "mochawesome",
        "saveHtml": false,
        "saveJson": true,
        "consoleReporter": "spec",
        "useInlineDiffs": false
      },
      "version": "4.1.0"
    },
    "marge": {
      "options": {
        "id": "default",
        "reportDir": "cypress/reports",
        "overwrite": false,
        "html": false,
        "json": true
      },
      "version": "4.1.0"
    }
  }
}